<?xml version="1.0" encoding="UTF-8"?>
<!-- Generated by org.testng.reporters.JUnitXMLReporter -->
<testsuite ignored="0" hostname="THOPS" failures="0" tests="4" name="Test" time="0.084" errors="0" timestamp="2023-10-18T14:30:42 IST">
  <testcase classname="ListenerTag.TestClass3" name="tst0" time="0.01"/>
  <testcase classname="ListenerTag.TestClass2" name="tst0" time="0.002"/>
  <testcase classname="ListenerTag.TestClass1" name="tst0" time="0.002"/>
  <testcase classname="ListenerTag.TestClass4" name="tst0" time="0.011"/>
</testsuite> <!-- Test -->
